<?xml version="1.0" encoding="UTF-8"?>
<testsuite xmlns:xsi="http://www.w3.org/2001/XMLSchema-instance" xsi:noNamespaceSchemaLocation="https://maven.apache.org/surefire/maven-surefire-plugin/xsd/surefire-test-report-3.0.xsd" version="3.0" name="com.trainee.colors.ColorsMysqlApplicationTests" time="9.43" tests="1" errors="0" skipped="0" failures="0">
  <properties>
[...]
</properties>
  <testcase name="contextLoads" classname="com.trainee.colors.ColorsMysqlApplicationTests" time="0.473">
    <system-out><![CDATA[17:42:18.752 [main] INFO org.springframework.test.context.support.AnnotationConfigContextLoaderUtils -- Could not detect default configuration classes for test class [com.trainee.colors.ColorsMysqlApplicationTests]: ColorsMysqlApplicationTests does not declare any static, non-private, non-final, nested classes annotated with @Configuration.
17:42:18.860 [main] INFO org.springframework.boot.test.context.SpringBootTestContextBootstrapper -- Found @SpringBootConfiguration com.trainee.colors.ColorsMysqlApplication for test class com.trainee.colors.ColorsMysqlApplicationTests

  .   ____          _            __ _ _
 /\\ / ___'_ __ _ _(_)_ __  __ _ \ \ \ \
( ( )\___ | '_ | '_| | '_ \/ _` | \ \ \ \
 \\/  ___)| |_)| | | | | || (_| |  ) ) ) )
  '  |____| .__|_| |_|_| |_\__, | / / / /
 =========|_|==============|___/=/_/_/_/
 :: Spring Boot ::                (v3.1.5)

2023-10-23T17:42:19.323-05:00  INFO 16708 --- [           main] c.t.colors.ColorsMysqlApplicationTests   : Starting ColorsMysqlApplicationTests using Java 17.0.6 with PID 16708 (started by Angel in D:\Xpedition-Trainee-Backend\colors-mysql)
2023-10-23T17:42:19.324-05:00  INFO 16708 --- [           main] c.t.colors.ColorsMysqlApplicationTests   : No active profile set, falling back to 1 default profile: "default"
2023-10-23T17:42:19.906-05:00  INFO 16708 --- [           main] .s.d.r.c.RepositoryConfigurationDelegate : Bootstrapping Spring Data JPA repositories in DEFAULT mode.
2023-10-23T17:42:19.953-05:00  INFO 16708 --- [           main] .s.d.r.c.RepositoryConfigurationDelegate : Finished Spring Data repository scanning in 41 ms. Found 1 JPA repository interfaces.
2023-10-23T17:42:20.352-05:00  INFO 16708 --- [           main] o.hibernate.jpa.internal.util.LogHelper  : HHH000204: Processing PersistenceUnitInfo [name: default]
2023-10-23T17:42:20.400-05:00  INFO 16708 --- [           main] org.hibernate.Version                    : HHH000412: Hibernate ORM core version 6.2.13.Final
2023-10-23T17:42:20.401-05:00  INFO 16708 --- [           main] org.hibernate.cfg.Environment            : HHH000406: Using bytecode reflection optimizer
2023-10-23T17:42:20.700-05:00  INFO 16708 --- [           main] o.s.o.j.p.SpringPersistenceUnitInfo      : No LoadTimeWeaver setup: ignoring JPA class transformer
2023-10-23T17:42:20.730-05:00  INFO 16708 --- [           main] com.zaxxer.hikari.HikariDataSource       : HikariPool-1 - Starting...
2023-10-23T17:42:21.067-05:00  INFO 16708 --- [           main] com.zaxxer.hikari.pool.HikariPool        : HikariPool-1 - Added connection com.mysql.cj.jdbc.ConnectionImpl@2ab9e43e
2023-10-23T17:42:21.069-05:00  INFO 16708 --- [           main] com.zaxxer.hikari.HikariDataSource       : HikariPool-1 - Start completed.
2023-10-23T17:42:21.108-05:00  WARN 16708 --- [           main] org.hibernate.orm.deprecation            : HHH90000025: MySQL8Dialect does not need to be specified explicitly using 'hibernate.dialect' (remove the property setting and it will be selected by default)
2023-10-23T17:42:21.109-05:00  WARN 16708 --- [           main] org.hibernate.orm.deprecation            : HHH90000026: MySQL8Dialect has been deprecated; use org.hibernate.dialect.MySQLDialect instead
2023-10-23T17:42:21.816-05:00  INFO 16708 --- [           main] o.h.e.t.j.p.i.JtaPlatformInitiator       : HHH000489: No JTA platform available (set 'hibernate.transaction.jta.platform' to enable JTA platform integration)
Hibernate: drop table if exists colors
Hibernate: create table colors (created_on datetime(6), id bigint not null auto_increment, last_updated_on datetime(6), color varchar(255), name varchar(255), pantone varchar(255), primary key (id)) engine=InnoDB
Hibernate: INSERT INTO colors (name, color, pantone, created_on, last_updated_on) VALUES ('Color 1', '#FF5733', '12-3456', '2023-08-15 09:15:00', '2023-08-17 08:23:00')
Hibernate: INSERT INTO colors (name, color, pantone, created_on, last_updated_on) VALUES ('Color 2', '#45A4F2', '98-7654', '2023-08-03 06:39:00', '2023-08-05 03:43:00')
Hibernate: INSERT INTO colors (name, color, pantone, created_on, last_updated_on) VALUES ('Color 3', '#C0FFEE', '11-1111', '2023-09-20 04:59:00', '2023-09-25 05:45:00')
Hibernate: INSERT INTO colors (name, color, pantone, created_on, last_updated_on) VALUES ('Color 4', '#123456', '23-9876', '2023-09-02 05:23:00', '2023-09-10 06:24:00')
Hibernate: INSERT INTO colors (name, color, pantone, created_on, last_updated_on) VALUES ('Color 5', '#FACADE', '34-5678', '2023-08-20 09:43:00', '2023-08-28 07:27:00')
Hibernate: INSERT INTO colors (name, color, pantone, created_on, last_updated_on) VALUES ('Color 6', '#AABBCC', '67-1234', '2023-08-06 03:54:00', '2023-08-08 08:42:00')
Hibernate: INSERT INTO colors (name, color, pantone, created_on, last_updated_on) VALUES ('Color 7', '#0099FF', '45-6789', '2023-09-15 12:34:00', '2023-09-29 09:34:00')
Hibernate: INSERT INTO colors (name, color, pantone, created_on, last_updated_on) VALUES ('Color 8', '#FF9900', '12-3456', '2023-08-15 18:56:00', '2023-08-17 02:35:00')
Hibernate: INSERT INTO colors (name, color, pantone, created_on, last_updated_on) VALUES ('Color 9', '#660066', '98-7654', '2023-09-01 15:54:00', '2023-09-08 02:26:00')
Hibernate: INSERT INTO colors (name, color, pantone, created_on, last_updated_on) VALUES ('Color 10', '#FF5733', '45-6789', '2023-09-10 16:56:00', '2023-09-12 17:36:00')
Hibernate: INSERT INTO colors (name, color, pantone, created_on, last_updated_on) VALUES ('Color 11', '#45A4F2', '98-7654', '2023-08-18 03:04:00', '2023-09-25 16:27:00')
Hibernate: INSERT INTO colors (name, color, pantone, created_on, last_updated_on) VALUES ('Color 12', '#C0FFEE', '11-1111', '2023-08-13 04:32:00', '2023-09-15 15:35:00')
Hibernate: INSERT INTO colors (name, color, pantone, created_on, last_updated_on) VALUES ('Color 13', '#123456', '23-9876', '2023-08-27 06:12:00', '2023-09-11 13:32:00')
Hibernate: INSERT INTO colors (name, color, pantone, created_on, last_updated_on) VALUES ('Color 14', '#FACADE', '34-5678', '2023-08-13 07:17:00', '2023-08-22 12:54:00')
Hibernate: INSERT INTO colors (name, color, pantone, created_on, last_updated_on) VALUES ('Color 15', '#AABBCC', '67-1234', '2023-09-23 08:30:00', '2023-09-26 12:42:00')
Hibernate: INSERT INTO colors (name, color, pantone, created_on, last_updated_on) VALUES ('Color 16', '#0099FF', '45-6789', '2023-08-04 05:53:00', '2023-09-07 18:46:00')
Hibernate: INSERT INTO colors (name, color, pantone, created_on, last_updated_on) VALUES ('Color 17', '#FF9900', '12-3456', '2023-08-30 03:34:00', '2023-09-02 15:34:00')
Hibernate: INSERT INTO colors (name, color, pantone, created_on, last_updated_on) VALUES ('Color 18', '#660066', '98-7654', '2023-08-19 12:35:00', '2023-09-20 07:37:00')
Hibernate: INSERT INTO colors (name, color, pantone, created_on, last_updated_on) VALUES ('Color 19', '#FF5733', '45-6789', '2023-09-19 01:13:00', '2023-09-23 05:45:00')
Hibernate: INSERT INTO colors (name, color, pantone, created_on, last_updated_on) VALUES ('Color 20', '#45A4F2', '98-7654', '2023-08-14 15:36:00', '2023-09-22 04:37:00')
Hibernate: INSERT INTO colors (name, color, pantone, created_on, last_updated_on) VALUES ('Color 21', '#C0FFEE', '11-1111', '2023-09-03 16:26:00', '2023-09-24 07:46:00')
Hibernate: INSERT INTO colors (name, color, pantone, created_on, last_updated_on) VALUES ('Color 22', '#123456', '23-9876', '2023-08-07 18:23:00', '2023-09-02 06:36:00')
Hibernate: INSERT INTO colors (name, color, pantone, created_on, last_updated_on) VALUES ('Color 23', '#FACADE', '34-5678', '2023-09-17 03:54:00', '2023-09-29 04:42:00')
Hibernate: INSERT INTO colors (name, color, pantone, created_on, last_updated_on) VALUES ('Color 24', '#AABBCC', '67-1234', '2023-09-03 04:12:00', '2023-09-21 03:32:00')
Hibernate: INSERT INTO colors (name, color, pantone, created_on, last_updated_on) VALUES ('Color 25', '#0099FF', '45-6789', '2023-08-14 06:15:00', '2023-08-24 12:45:00')
Hibernate: INSERT INTO colors (name, color, pantone, created_on, last_updated_on) VALUES ('Color 26', '#FF9900', '12-3456', '2023-08-11 02:36:00', '2023-09-06 17:23:00')
Hibernate: INSERT INTO colors (name, color, pantone, created_on, last_updated_on) VALUES ('Color 27', '#660066', '98-7654', '2023-08-01 04:26:00', '2023-08-11 16:45:00')
Hibernate: INSERT INTO colors (name, color, pantone, created_on, last_updated_on) VALUES ('Color 28', '#FF5733', '45-6789', '2023-08-07 06:26:00', '2023-08-23 14:23:00')
Hibernate: INSERT INTO colors (name, color, pantone, created_on, last_updated_on) VALUES ('Color 29', '#45A4F2', '98-7654', '2023-09-23 08:23:00', '2023-09-29 18:12:00')
Hibernate: INSERT INTO colors (name, color, pantone, created_on, last_updated_on) VALUES ('Color 30', '#C0FFEE', '11-1111', '2023-08-21 09:12:00', '2023-09-19 23:13:00')
Hibernate: INSERT INTO colors (name, color, pantone, created_on, last_updated_on) VALUES ('Color 31', '#123456', '23-9876', '2023-08-16 03:34:00', '2023-09-04 12:57:00')
Hibernate: INSERT INTO colors (name, color, pantone, created_on, last_updated_on) VALUES ('Color 32', '#FACADE', '34-5678', '2023-08-18 18:54:00', '2023-08-26 23:23:00')
Hibernate: INSERT INTO colors (name, color, pantone, created_on, last_updated_on) VALUES ('Color 33', '#AABBCC', '67-1234', '2023-08-29 12:23:00', '2023-08-31 06:45:00')
Hibernate: INSERT INTO colors (name, color, pantone, created_on, last_updated_on) VALUES ('Color 34', '#0099FF', '45-6789', '2023-08-21 14:42:00', '2023-08-28 05:26:00')
Hibernate: INSERT INTO colors (name, color, pantone, created_on, last_updated_on) VALUES ('Color 35', '#FF9900', '12-3456', '2023-08-25 16:12:00', '2023-09-16 04:32:00')
Hibernate: INSERT INTO colors (name, color, pantone, created_on, last_updated_on) VALUES ('Color 36', '#660066', '98-7654', '2023-09-16 15:16:00', '2023-09-21 03:46:00')
Hibernate: INSERT INTO colors (name, color, pantone, created_on, last_updated_on) VALUES ('Color 37', '#FF5733', '45-6789', '2023-09-04 17:17:00', '2023-09-27 04:34:00')
Hibernate: INSERT INTO colors (name, color, pantone, created_on, last_updated_on) VALUES ('Color 38', '#45A4F2', '98-7654', '2023-09-12 16:25:00', '2023-09-26 15:23:00')
Hibernate: INSERT INTO colors (name, color, pantone, created_on, last_updated_on) VALUES ('Color 39', '#C0FFEE', '11-1111', '2023-08-24 03:12:00', '2023-09-18 15:56:00')
Hibernate: INSERT INTO colors (name, color, pantone, created_on, last_updated_on) VALUES ('Color 40', '#123456', '23-9876', '2023-09-14 02:23:00', '2023-09-28 17:27:00')
Hibernate: INSERT INTO colors (name, color, pantone, created_on, last_updated_on) VALUES ('Color 41', '#FACADE', '34-5678', '2023-08-14 01:12:00', '2023-09-08 16:43:00')
Hibernate: INSERT INTO colors (name, color, pantone, created_on, last_updated_on) VALUES ('Color 42', '#AABBCC', '67-1234', '2023-08-09 03:16:00', '2023-09-02 14:23:00')
Hibernate: INSERT INTO colors (name, color, pantone, created_on, last_updated_on) VALUES ('Color 43', '#0099FF', '45-6789', '2023-09-05 01:37:00', '2023-09-07 11:54:00')
Hibernate: INSERT INTO colors (name, color, pantone, created_on, last_updated_on) VALUES ('Color 44', '#FF9900', '12-3456', '2023-08-25 03:12:00', '2023-09-24 12:44:00')
Hibernate: INSERT INTO colors (name, color, pantone, created_on, last_updated_on) VALUES ('Color 45', '#660066', '98-7654', '2023-08-19 08:35:00', '2023-09-09 12:35:00')
Hibernate: INSERT INTO colors (name, color, pantone, created_on, last_updated_on) VALUES ('Color 46', '#FF5733', '45-6789', '2023-08-12 05:15:00', '2023-09-11 07:54:00')
Hibernate: INSERT INTO colors (name, color, pantone, created_on, last_updated_on) VALUES ('Color 47', '#45A4F2', '98-7654', '2023-08-23 07:26:00', '2023-09-22 06:56:00')
Hibernate: INSERT INTO colors (name, color, pantone, created_on, last_updated_on) VALUES ('Color 48', '#C0FFEE', '11-1111', '2023-08-04 08:46:00', '2023-08-30 05:37:00')
Hibernate: INSERT INTO colors (name, color, pantone, created_on, last_updated_on) VALUES ('Color 49', '#123456', '23-9876', '2023-09-13 09:17:00', '2023-09-28 06:56:00')
Hibernate: INSERT INTO colors (name, color, pantone, created_on, last_updated_on) VALUES ('Color 50', '#FACADE', '34-5678', '2023-08-23 10:23:00', '2023-09-27 04:43:00')
Hibernate: INSERT INTO colors (name, color, pantone, created_on, last_updated_on) VALUES ('Color 51', '#AABBCC', '67-1234', '2023-09-21 11:16:00', '2023-09-26 14:23:00')
Hibernate: INSERT INTO colors (name, color, pantone, created_on, last_updated_on) VALUES ('Color 52', '#0099FF', '45-6789', '2023-08-16 12:23:00', '2023-09-05 18:56:00')
Hibernate: INSERT INTO colors (name, color, pantone, created_on, last_updated_on) VALUES ('Color 53', '#FF9900', '12-3456', '2023-08-05 18:45:00', '2023-09-28 05:34:00')
Hibernate: INSERT INTO colors (name, color, pantone, created_on, last_updated_on) VALUES ('Color 54', '#660066', '98-7654', '2023-09-13 02:34:00', '2023-09-17 05:23:00')
Hibernate: INSERT INTO colors (name, color, pantone, created_on, last_updated_on) VALUES ('Color 55', '#FF5733', '45-6789', '2023-09-06 01:21:00', '2023-09-27 07:57:00')
Hibernate: INSERT INTO colors (name, color, pantone, created_on, last_updated_on) VALUES ('Color 56', '#45A4F2', '98-7654', '2023-08-10 12:32:00', '2023-08-31 02:54:00')
Hibernate: INSERT INTO colors (name, color, pantone, created_on, last_updated_on) VALUES ('Color 57', '#C0FFEE', '11-1111', '2023-08-01 23:12:00', '2023-08-20 03:34:00')
Hibernate: INSERT INTO colors (name, color, pantone, created_on, last_updated_on) VALUES ('Color 58', '#123456', '23-9876', '2023-08-23 13:45:00', '2023-09-18 03:23:00')
Hibernate: INSERT INTO colors (name, color, pantone, created_on, last_updated_on) VALUES ('Color 59', '#FACADE', '34-5678', '2023-08-05 12:36:00', '2023-09-05 02:25:00')
Hibernate: INSERT INTO colors (name, color, pantone, created_on, last_updated_on) VALUES ('Color 60', '#AABBCC', '67-1234', '2023-09-18 11:17:00', '2023-09-27 10:23:00')
2023-10-23T17:42:26.768-05:00  INFO 16708 --- [           main] j.LocalContainerEntityManagerFactoryBean : Initialized JPA EntityManagerFactory for persistence unit 'default'
2023-10-23T17:42:27.199-05:00  WARN 16708 --- [           main] JpaBaseConfiguration$JpaWebConfiguration : spring.jpa.open-in-view is enabled by default. Therefore, database queries may be performed during view rendering. Explicitly configure spring.jpa.open-in-view to disable this warning
2023-10-23T17:42:27.549-05:00  INFO 16708 --- [           main] c.t.colors.ColorsMysqlApplicationTests   : Started ColorsMysqlApplicationTests in 8.478 seconds (process running for 9.611)
]]></system-out>
  </testcase>
</testsuite>