<?xml version="1.0" encoding="UTF-8"?>
<testsuite xmlns:xsi="http://www.w3.org/2001/XMLSchema-instance" xsi:noNamespaceSchemaLocation="https://maven.apache.org/surefire/maven-surefire-plugin/xsd/surefire-test-report-3.0.xsd" version="3.0" name="com.trainee.colors.ColorsMysqlApplicationTests" time="7.048" tests="1" errors="0" skipped="0" failures="0">
  <properties>
[...]
</properties>
  <testcase name="contextLoads" classname="com.trainee.colors.ColorsMysqlApplicationTests" time="0.453">
    <system-out><![CDATA[20:32:40.185 [main] INFO org.springframework.test.context.support.AnnotationConfigContextLoaderUtils -- Could not detect default configuration classes for test class [com.trainee.colors.ColorsMysqlApplicationTests]: ColorsMysqlApplicationTests does not declare any static, non-private, non-final, nested classes annotated with @Configuration.
20:32:40.265 [main] INFO org.springframework.boot.test.context.SpringBootTestContextBootstrapper -- Found @SpringBootConfiguration com.trainee.colors.ColorsMysqlApplication for test class com.trainee.colors.ColorsMysqlApplicationTests

  .   ____          _            __ _ _
 /\\ / ___'_ __ _ _(_)_ __  __ _ \ \ \ \
( ( )\___ | '_ | '_| | '_ \/ _` | \ \ \ \
 \\/  ___)| |_)| | | | | || (_| |  ) ) ) )
  '  |____| .__|_| |_|_| |_\__, | / / / /
 =========|_|==============|___/=/_/_/_/
 :: Spring Boot ::                (v3.1.5)

2023-10-22T20:32:40.604-05:00  INFO 14180 --- [           main] c.t.colors.ColorsMysqlApplicationTests   : Starting ColorsMysqlApplicationTests using Java 17.0.6 with PID 14180 (started by Angel in D:\Xpedition-Trainee-Backend\colors-mysql)
2023-10-22T20:32:40.605-05:00  INFO 14180 --- [           main] c.t.colors.ColorsMysqlApplicationTests   : No active profile set, falling back to 1 default profile: "default"
2023-10-22T20:32:41.155-05:00  INFO 14180 --- [           main] .s.d.r.c.RepositoryConfigurationDelegate : Bootstrapping Spring Data JPA repositories in DEFAULT mode.
2023-10-22T20:32:41.212-05:00  INFO 14180 --- [           main] .s.d.r.c.RepositoryConfigurationDelegate : Finished Spring Data repository scanning in 50 ms. Found 1 JPA repository interfaces.
2023-10-22T20:32:41.615-05:00  INFO 14180 --- [           main] o.hibernate.jpa.internal.util.LogHelper  : HHH000204: Processing PersistenceUnitInfo [name: default]
2023-10-22T20:32:41.674-05:00  INFO 14180 --- [           main] org.hibernate.Version                    : HHH000412: Hibernate ORM core version 6.2.13.Final
2023-10-22T20:32:41.677-05:00  INFO 14180 --- [           main] org.hibernate.cfg.Environment            : HHH000406: Using bytecode reflection optimizer
2023-10-22T20:32:41.969-05:00  INFO 14180 --- [           main] o.s.o.j.p.SpringPersistenceUnitInfo      : No LoadTimeWeaver setup: ignoring JPA class transformer
2023-10-22T20:32:42.006-05:00  INFO 14180 --- [           main] com.zaxxer.hikari.HikariDataSource       : HikariPool-1 - Starting...
2023-10-22T20:32:44.420-05:00  INFO 14180 --- [           main] com.zaxxer.hikari.pool.HikariPool        : HikariPool-1 - Added connection com.mysql.cj.jdbc.ConnectionImpl@52ca0ad4
2023-10-22T20:32:44.422-05:00  INFO 14180 --- [           main] com.zaxxer.hikari.HikariDataSource       : HikariPool-1 - Start completed.
2023-10-22T20:32:44.654-05:00  WARN 14180 --- [           main] org.hibernate.orm.deprecation            : HHH90000025: MySQL8Dialect does not need to be specified explicitly using 'hibernate.dialect' (remove the property setting and it will be selected by default)
2023-10-22T20:32:44.655-05:00  WARN 14180 --- [           main] org.hibernate.orm.deprecation            : HHH90000026: MySQL8Dialect has been deprecated; use org.hibernate.dialect.MySQLDialect instead
2023-10-22T20:32:45.321-05:00  INFO 14180 --- [           main] o.h.e.t.j.p.i.JtaPlatformInitiator       : HHH000489: No JTA platform available (set 'hibernate.transaction.jta.platform' to enable JTA platform integration)
2023-10-22T20:32:45.960-05:00  INFO 14180 --- [           main] j.LocalContainerEntityManagerFactoryBean : Initialized JPA EntityManagerFactory for persistence unit 'default'
2023-10-22T20:32:46.333-05:00  WARN 14180 --- [           main] JpaBaseConfiguration$JpaWebConfiguration : spring.jpa.open-in-view is enabled by default. Therefore, database queries may be performed during view rendering. Explicitly configure spring.jpa.open-in-view to disable this warning
2023-10-22T20:32:46.622-05:00  INFO 14180 --- [           main] c.t.colors.ColorsMysqlApplicationTests   : Started ColorsMysqlApplicationTests in 6.236 seconds (process running for 7.005)
]]></system-out>
  </testcase>
</testsuite>